2023-04-27 13:43:45,	Ryan Silu,	22,	Chief Inspector,	Central Police Station,	Logged into the system
2023-04-27 13:44:00,	Paul Brown,	22001,	Corporal,	Central Police Station,	Logged into the system
2023-04-27 13:45:24,	Paul Brown,	22001,	Corporal,	Central Police Station,	Added a new Complainant(Jane Smith) with OB Number 22/1/27/04/2023
2023-04-27 13:46:24,	Paul Brown,	22001,	Corporal,	Central Police Station,	Added a new Case with OB Number 22/1/27/04/2023
2023-04-27 13:46:43,	John Smith,	11001,	Corporal,	Langata Police Station,	Logged into the system
2023-04-27 13:46:53,	Michael Clark,	33001,	Corporal,	Kasarani Police Station,	Logged into the system
2023-04-27 13:48:08,	Michael Clark,	33001,	Corporal,	Kasarani Police Station,	Added a new Complainant(John Doe) with OB Number 33/1/27/04/2023
2023-04-27 13:49:06,	Michael Clark,	33001,	Corporal,	Kasarani Police Station,	Added a new Case with OB Number 33/1/27/04/2023
2023-04-27 13:49:29,	William Cook,	66002,	Corporal,	Kilimani Police Station,	Logged into the system
2023-04-27 13:50:28,	William Cook,	66002,	Corporal,	Kilimani Police Station,	Added a new Complainant(Bob Johnson) with OB Number 66/1/27/04/2023
2023-04-27 13:51:01,	William Cook,	66002,	Corporal,	Kilimani Police Station,	Added a new Case with OB Number 66/1/27/04/2023
2023-04-27 13:52:30,	William Cook,	66002,	Corporal,	Kilimani Police Station,	Added a new Complainant(Lisa Brown) with OB Number 11/1/27/04/2023
2023-04-27 13:53:00,	William Cook,	66002,	Corporal,	Kilimani Police Station,	Added a new Case with OB Number 11/1/27/04/2023
2023-04-27 13:55:51,	Paul Brown,	22001,	Corporal,	Central Police Station,	Logged into the system
2023-04-27 13:56:11,	Eric Davis,	22005,	Corporal,	Central Police Station,	Logged into the system
2023-04-27 13:57:14,	Eric Davis,	22005,	Corporal,	Central Police Station,	Added a new Complainant(Mike Wilson) with OB Number 22/2/27/04/2023
2023-04-27 13:57:54,	Eric Davis,	22005,	Corporal,	Central Police Station,	Added a new Case with OB Number 22/2/27/04/2023
2023-04-27 13:58:10,	Isabella Davis,	33004,	Corporal,	Kasarani Police Station,	Logged into the system
2023-04-27 13:59:43,	Isabella Davis,	33004,	Corporal,	Kasarani Police Station,	Added a new Complainant(Julie Davis) with OB Number 33/2/27/04/2023
2023-04-27 14:01:30,	Isabella Davis,	33004,	Corporal,	Kasarani Police Station,	Added a new Case with OB Number 33/2/27/04/2023
2023-04-27 14:01:55,	Harper Collins,	66001,	Corporal,	Kilimani Police Station,	Logged into the system
2023-04-27 14:02:53,	Harper Collins,	66001,	Corporal,	Kilimani Police Station,	Added a new Complainant(Tom Smith) with OB Number 66/2/27/04/2023
2023-04-27 14:03:52,	Harper Collins,	66001,	Corporal,	Kilimani Police Station,	Added a new Case with OB Number 66/2/27/04/2023
2023-04-27 14:04:12,	James Kimani,	101001,	Corporal,	Dandora Police Station,	Logged into the system
2023-04-27 14:05:12,	James Kimani,	101001,	Corporal,	Dandora Police Station,	Added a new Complainant(Emily Jackson) with OB Number 101/1/27/04/2023
2023-04-27 14:05:32,	James Kimani,	101001,	Corporal,	Dandora Police Station,	Added a new Case with OB Number 101/1/27/04/2023
2023-04-27 14:05:47,	Thomas Martin,	22007,	Corporal,	Central Police Station,	Logged into the system
2023-04-27 14:06:55,	Thomas Martin,	22007,	Corporal,	Central Police Station,	Added a new Complainant(Steve Brown) with OB Number 22/3/27/04/2023
2023-04-27 14:07:27,	Thomas Martin,	22007,	Corporal,	Central Police Station,	Added a new Case with OB Number 22/3/27/04/2023
2023-04-27 14:07:44,	John Doe,	77001,	Corporal,	Buruburu Police Station,	Logged into the system
2023-04-27 14:08:44,	John Doe,	77001,	Corporal,	Buruburu Police Station,	Added a new Complainant(Jennifer Lee) with OB Number 77/1/27/04/2023
2023-04-27 14:09:02,	John Doe,	77001,	Corporal,	Buruburu Police Station,	Added a new Case with OB Number 77/1/27/04/2023
2023-04-27 14:09:15,	William Wilson,	11005,	Corporal,	Langata Police Station,	Logged into the system
2023-04-27 14:10:23,	William Wilson,	11005,	Corporal,	Langata Police Station,	Added a new Complainant(Cindy Johnson) with OB Number 11/2/27/04/2023
2023-04-27 14:10:47,	William Wilson,	11005,	Corporal,	Langata Police Station,	Added a new Case with OB Number 11/2/27/04/2023
2023-04-27 14:10:57,	Paul Brown,	22001,	Corporal,	Central Police Station,	Logged into the system
2023-04-27 14:12:45,	Paul Brown,	22001,	Corporal,	Central Police Station,	Added a new Complainant(Mark Davis) with OB Number 22/4/27/04/2023
2023-04-27 14:13:03,	Paul Brown,	22001,	Corporal,	Central Police Station,	Added a new Case with OB Number 22/4/27/04/2023
2023-04-27 14:20:18,	Elvis Mutinda,	11,	Chief Inspector,	Langata Police Station,	Logged into the system
2023-04-27 14:20:31,	Ryan Silu,	22,	Chief Inspector,	Central Police Station,	Logged into the system
2023-04-27 14:36:32,	Elvis Mutinda,	11,	Chief Inspector,	Langata Police Station,	Logged into the system
2023-04-27 14:42:33,	John Smith,	11001,	Corporal,	Langata Police Station,	Logged into the system
2023-04-27 15:14:43,	Michael Clark,	33001,	Corporal,	Kasarani Police Station,	Logged into the system
2023-04-27 15:16:04,	Michael Clark,	33001,	Corporal,	Kasarani Police Station,	Added a new Complainant(Lisa Jones) with OB Number 33/3/27/04/2023
2023-04-27 15:16:28,	Michael Clark,	33001,	Corporal,	Kasarani Police Station,	Added a new Case with OB Number 33/3/27/04/2023
2023-04-27 15:16:42,	John Smith,	11001,	Corporal,	Langata Police Station,	Logged into the system
2023-04-27 15:17:54,	John Smith,	11001,	Corporal,	Langata Police Station,	Added a new Complainant(Mike Thompson) with OB Number 11/3/27/04/2023
2023-04-27 15:18:25,	John Smith,	11001,	Corporal,	Langata Police Station,	Added a new Case with OB Number 11/3/27/04/2023
2023-04-27 15:19:53,	John Smith,	11001,	Corporal,	Langata Police Station,	Added a new Complainant(Samantha Lee) with OB Number 11/4/27/04/2023
2023-04-27 15:20:17,	John Smith,	11001,	Corporal,	Langata Police Station,	Added a new Case with OB Number 11/4/27/04/2023
2023-04-27 15:20:31,	Brian Mwangi,	202001,	Corporal,	Kahawa West Police Station,	Logged into the system
2023-04-27 15:21:24,	Brian Mwangi,	202001,	Corporal,	Kahawa West Police Station,	Added a new Complainant(Alex Brown) with OB Number 202/1/27/04/2023
2023-04-27 15:21:59,	Brian Mwangi,	202001,	Corporal,	Kahawa West Police Station,	Added a new Case with OB Number 202/1/27/04/2023
2023-04-27 15:22:22,	Isabella Davis,	33004,	Corporal,	Kasarani Police Station,	Logged into the system
2023-04-27 15:23:54,	Isabella Davis,	33004,	Corporal,	Kasarani Police Station,	Added a new Complainant(Olivia Wilson) with OB Number 33/4/27/04/2023
2023-04-27 15:24:31,	Isabella Davis,	33004,	Corporal,	Kasarani Police Station,	Added a new Case with OB Number 33/4/27/04/2023
2023-04-27 15:24:45,	Isabella Scott,	55003,	Corporal,	Embakasi Police Station,	Logged into the system
2023-04-27 15:24:54,	Liam Perez,	55004,	Corporal,	Embakasi Police Station,	Logged into the system
2023-04-27 15:25:47,	Liam Perez,	55004,	Corporal,	Embakasi Police Station,	Added a new Complainant(Jack Johnson) with OB Number 55/1/27/04/2023
2023-04-27 15:26:12,	Liam Perez,	55004,	Corporal,	Embakasi Police Station,	Added a new Case with OB Number 55/1/27/04/2023
2023-04-27 15:26:42,	David Lee,	11003,	Corporal,	Langata Police Station,	Logged into the system
2023-04-27 15:26:51,	Ava Hernandez,	11008,	Corporal,	Langata Police Station,	Logged into the system
2023-04-27 15:26:58,	Jacob Martin,	11007,	Corporal,	Langata Police Station,	Logged into the system
2023-04-27 15:28:23,	Jacob Martin,	11007,	Corporal,	Langata Police Station,	Added a new Complainant(Amanda Smith) with OB Number 11/5/27/04/2023
2023-04-27 15:28:57,	Jacob Martin,	11007,	Corporal,	Langata Police Station,	Added a new Case with OB Number 11/5/27/04/2023
2023-04-27 15:33:40,	Eric Davis,	22005,	Corporal,	Central Police Station,	Logged into the system
2023-04-27 15:34:44,	Eric Davis,	22005,	Corporal,	Central Police Station,	Added a new Complainant(Tyler Davis) with OB Number 22/5/27/04/2023
2023-04-27 15:35:01,	Eric Davis,	22005,	Corporal,	Central Police Station,	Added a new Case with OB Number 22/5/27/04/2023
2023-04-27 15:35:23,	Elvis Mutinda,	11,	Chief Inspector,	Langata Police Station,	Logged into the system
2023-04-27 15:35:34,	Olivia Davis,	11004,	Corporal,	Langata Police Station,	Logged into the system
2023-04-27 15:37:41,	Olivia Davis,	11004,	Corporal,	Langata Police Station,	Added a new Complainant(Sara Brown) with OB Number 11/6/27/04/2023
2023-04-27 15:38:11,	Olivia Davis,	11004,	Corporal,	Langata Police Station,	Added a new Case with OB Number 11/6/27/04/2023
2023-04-27 15:38:33,	Elvis Mutinda,	11,	Chief Inspector,	Langata Police Station,	Logged into the system
2023-04-27 15:38:39,	John Smith,	11001,	Corporal,	Langata Police Station,	Logged into the system
2023-04-27 15:39:31,	John Smith,	11001,	Corporal,	Langata Police Station,	Added a new Complainant(Jessica Johnson) with OB Number 11/7/27/04/2023
2023-04-27 15:39:49,	John Smith,	11001,	Corporal,	Langata Police Station,	Added a new Case with OB Number 11/7/27/04/2023
